[2020-09-18 15:21:15,345] - config_log.py] - INFO: 连接数据库成功
[2020-09-18 15:21:15,345] - config_log.py] - INFO: 成功创建数据库游标
[2020-09-18 15:21:34,982] - config_log.py] - INFO: 数据库连接关闭
[2020-09-18 15:27:51,948] - config_log.py] - INFO: 连接数据库成功
[2020-09-18 15:27:51,948] - config_log.py] - INFO: 成功创建数据库游标
[2020-09-18 15:27:53,800] - config_log.py] - INFO: 数据库连接关闭
[2020-09-18 15:45:12,196] - config_log.py] - INFO: 连接数据库成功
[2020-09-18 15:45:12,196] - config_log.py] - INFO: 成功创建数据库游标
[2020-09-18 15:45:24,886] - config_log.py] - INFO: 数据库连接关闭
[2020-09-18 15:45:49,839] - config_log.py] - INFO: 连接数据库成功
[2020-09-18 15:45:49,839] - config_log.py] - INFO: 成功创建数据库游标
[2020-09-18 15:45:51,486] - config_log.py] - INFO: 数据库连接关闭
[2020-09-18 15:47:54,241] - config_log.py] - INFO: 连接数据库成功
[2020-09-18 15:47:54,241] - config_log.py] - INFO: 成功创建数据库游标
[2020-09-18 15:48:06,715] - config_log.py] - INFO: 数据库连接关闭
[2020-09-18 15:51:40,553] - config_log.py] - INFO: 连接数据库成功
[2020-09-18 15:51:40,554] - config_log.py] - INFO: 成功创建数据库游标
[2020-09-18 15:51:42,456] - config_log.py] - INFO: 数据库连接关闭
[2020-09-18 15:52:22,414] - config_log.py] - INFO: 连接数据库成功
[2020-09-18 15:52:22,414] - config_log.py] - INFO: 成功创建数据库游标
[2020-09-18 15:52:24,201] - config_log.py] - INFO: 数据库连接关闭
[2020-09-18 16:04:44,697] - config_log.py] - INFO: 连接数据库成功
[2020-09-18 16:04:44,698] - config_log.py] - INFO: 成功创建数据库游标
[2020-09-18 16:05:04,518] - config_log.py] - INFO: 数据库连接关闭
[2020-09-18 16:53:23,692] - config_log.py] - INFO: 连接数据库成功
[2020-09-18 16:53:23,693] - config_log.py] - INFO: 成功创建数据库游标
[2020-09-18 16:53:23,722] - config_log.py] - INFO: 连接数据库成功
[2020-09-18 16:53:23,722] - config_log.py] - INFO: 成功创建数据库游标
[2020-09-18 16:53:23,726] - config_log.py] - INFO: 连接数据库成功
[2020-09-18 16:53:23,726] - config_log.py] - INFO: 成功创建数据库游标
[2020-09-18 16:53:23,740] - config_log.py] - INFO: 连接数据库成功
[2020-09-18 16:53:23,740] - config_log.py] - INFO: 成功创建数据库游标
[2020-09-18 16:53:23,744] - config_log.py] - INFO: 连接数据库成功
[2020-09-18 16:53:23,744] - config_log.py] - INFO: 成功创建数据库游标
[2020-09-18 16:53:23,747] - config_log.py] - INFO: 连接数据库成功
[2020-09-18 16:53:23,747] - config_log.py] - INFO: 成功创建数据库游标
[2020-09-18 16:53:35,416] - config_log.py] - INFO: 连接数据库成功
[2020-09-18 16:53:35,416] - config_log.py] - INFO: 成功创建数据库游标
[2020-09-18 16:53:55,195] - config_log.py] - INFO: 查询下单时间当天是否多生成了系统订单
[2020-09-18 16:53:55,209] - config_log.py] - INFO: 连接数据库成功
[2020-09-18 16:53:55,209] - config_log.py] - INFO: 成功创建数据库游标
[2020-09-18 16:53:57,183] - config_log.py] - INFO: 查询下单时间前一天是否多生成了系统订单
[2020-09-18 16:53:57,198] - config_log.py] - INFO: 连接数据库成功
[2020-09-18 16:53:57,198] - config_log.py] - INFO: 成功创建数据库游标
[2020-09-18 16:53:58,876] - config_log.py] - INFO: 查询下单时间前七天到当天是否多生成了系统订单
[2020-09-18 16:53:58,896] - config_log.py] - INFO: 连接数据库成功
[2020-09-18 16:53:58,896] - config_log.py] - INFO: 成功创建数据库游标
[2020-09-18 16:54:00,530] - config_log.py] - INFO: 查询下单时间当天是否多生成了销售出库单
[2020-09-18 16:54:00,534] - config_log.py] - INFO: 连接数据库成功
[2020-09-18 16:54:00,535] - config_log.py] - INFO: 成功创建数据库游标
[2020-09-18 16:54:00,608] - config_log.py] - INFO: 查询下单时间前一天是否多生成了销售出库单
[2020-09-18 16:54:00,621] - config_log.py] - INFO: 连接数据库成功
[2020-09-18 16:54:00,621] - config_log.py] - INFO: 成功创建数据库游标
[2020-09-18 16:54:00,673] - config_log.py] - INFO: 查询下单时间前七天到当天是否多生成了销售出库单
[2020-09-18 16:54:28,065] - config_log.py] - INFO: 连接数据库成功
[2020-09-18 16:54:28,065] - config_log.py] - INFO: 成功创建数据库游标
[2020-09-18 16:54:30,150] - config_log.py] - INFO: 查询下单时间当天是否多生成了系统订单
[2020-09-18 16:54:30,164] - config_log.py] - INFO: 连接数据库成功
[2020-09-18 16:54:30,164] - config_log.py] - INFO: 成功创建数据库游标
[2020-09-18 16:54:32,011] - config_log.py] - INFO: 查询下单时间前一天是否多生成了系统订单
[2020-09-18 16:54:32,015] - config_log.py] - INFO: 连接数据库成功
[2020-09-18 16:54:32,016] - config_log.py] - INFO: 成功创建数据库游标
[2020-09-18 16:54:33,777] - config_log.py] - INFO: 查询下单时间前七天到当天是否多生成了系统订单
[2020-09-18 16:54:33,782] - config_log.py] - INFO: 连接数据库成功
[2020-09-18 16:54:33,782] - config_log.py] - INFO: 成功创建数据库游标
[2020-09-18 16:54:33,864] - config_log.py] - INFO: 查询下单时间当天是否多生成了销售出库单
[2020-09-18 16:54:33,877] - config_log.py] - INFO: 连接数据库成功
[2020-09-18 16:54:33,878] - config_log.py] - INFO: 成功创建数据库游标
[2020-09-18 16:54:33,923] - config_log.py] - INFO: 查询下单时间前一天是否多生成了销售出库单
[2020-09-18 16:54:33,926] - config_log.py] - INFO: 连接数据库成功
[2020-09-18 16:54:33,927] - config_log.py] - INFO: 成功创建数据库游标
[2020-09-18 16:54:33,973] - config_log.py] - INFO: 查询下单时间前七天到当天是否多生成了销售出库单
[2020-09-18 16:55:11,437] - config_log.py] - INFO: 连接数据库成功
[2020-09-18 16:55:11,437] - config_log.py] - INFO: 成功创建数据库游标
[2020-09-18 16:55:15,260] - config_log.py] - INFO: 查询下单时间当天是否多生成了系统订单
[2020-09-18 16:55:15,266] - config_log.py] - INFO: 连接数据库成功
[2020-09-18 16:55:15,267] - config_log.py] - INFO: 成功创建数据库游标
[2020-09-18 16:55:18,710] - config_log.py] - INFO: 查询下单时间前一天是否多生成了系统订单
[2020-09-18 16:55:18,725] - config_log.py] - INFO: 连接数据库成功
[2020-09-18 16:55:18,726] - config_log.py] - INFO: 成功创建数据库游标
[2020-09-18 16:55:22,149] - config_log.py] - INFO: 查询下单时间前七天到当天是否多生成了系统订单
[2020-09-18 16:55:22,152] - config_log.py] - INFO: 连接数据库成功
[2020-09-18 16:55:22,152] - config_log.py] - INFO: 成功创建数据库游标
[2020-09-18 16:55:22,344] - config_log.py] - INFO: 查询下单时间当天是否多生成了销售出库单
[2020-09-18 16:55:22,362] - config_log.py] - INFO: 连接数据库成功
[2020-09-18 16:55:22,362] - config_log.py] - INFO: 成功创建数据库游标
[2020-09-18 16:55:22,499] - config_log.py] - INFO: 查询下单时间前一天是否多生成了销售出库单
[2020-09-18 16:55:22,519] - config_log.py] - INFO: 连接数据库成功
[2020-09-18 16:55:22,519] - config_log.py] - INFO: 成功创建数据库游标
[2020-09-18 16:55:22,677] - config_log.py] - INFO: 查询下单时间前七天到当天是否多生成了销售出库单
[2020-09-18 17:00:46,435] - config_log.py] - INFO: 连接数据库成功
[2020-09-18 17:00:46,435] - config_log.py] - INFO: 成功创建数据库游标
[2020-09-18 17:00:49,992] - config_log.py] - INFO: 查询下单时间当天是否多生成了系统订单
[2020-09-18 17:00:50,005] - config_log.py] - INFO: 连接数据库成功
[2020-09-18 17:00:50,005] - config_log.py] - INFO: 成功创建数据库游标
[2020-09-18 17:00:53,500] - config_log.py] - INFO: 查询下单时间前一天是否多生成了系统订单
[2020-09-18 17:00:53,504] - config_log.py] - INFO: 连接数据库成功
[2020-09-18 17:00:53,504] - config_log.py] - INFO: 成功创建数据库游标
[2020-09-18 17:00:57,023] - config_log.py] - INFO: 查询下单时间前七天到当天是否多生成了系统订单
[2020-09-18 17:00:57,035] - config_log.py] - INFO: 连接数据库成功
[2020-09-18 17:00:57,036] - config_log.py] - INFO: 成功创建数据库游标
[2020-09-18 17:00:59,871] - config_log.py] - INFO: 查询下单时间当天是否多生成了销售出库单
[2020-09-18 17:00:59,885] - config_log.py] - INFO: 连接数据库成功
[2020-09-18 17:00:59,885] - config_log.py] - INFO: 成功创建数据库游标
[2020-09-18 17:00:59,977] - config_log.py] - INFO: 查询下单时间前一天是否多生成了销售出库单
[2020-09-18 17:00:59,992] - config_log.py] - INFO: 连接数据库成功
[2020-09-18 17:00:59,992] - config_log.py] - INFO: 成功创建数据库游标
[2020-09-18 17:01:00,087] - config_log.py] - INFO: 查询下单时间前七天到当天是否多生成了销售出库单
[2020-09-18 17:15:53,466] - config_log.py] - INFO: 连接数据库成功
[2020-09-18 17:15:53,466] - config_log.py] - INFO: 成功创建数据库游标
[2020-09-18 17:16:14,874] - config_log.py] - INFO: 查询下单时间当天是否多生成了系统订单
[2020-09-18 17:16:14,887] - config_log.py] - INFO: 连接数据库成功
[2020-09-18 17:16:14,887] - config_log.py] - INFO: 成功创建数据库游标
[2020-09-18 17:16:18,091] - config_log.py] - INFO: 查询下单时间前一天是否多生成了系统订单
[2020-09-18 17:16:18,105] - config_log.py] - INFO: 连接数据库成功
[2020-09-18 17:16:18,105] - config_log.py] - INFO: 成功创建数据库游标
[2020-09-18 17:16:21,680] - config_log.py] - INFO: 查询下单时间前七天到当天是否多生成了系统订单
[2020-09-18 17:16:21,694] - config_log.py] - INFO: 连接数据库成功
[2020-09-18 17:16:21,694] - config_log.py] - INFO: 成功创建数据库游标
[2020-09-18 17:16:21,793] - config_log.py] - INFO: 查询下单时间当天是否多生成了销售出库单
[2020-09-18 17:16:21,807] - config_log.py] - INFO: 连接数据库成功
[2020-09-18 17:16:21,807] - config_log.py] - INFO: 成功创建数据库游标
[2020-09-18 17:16:21,901] - config_log.py] - INFO: 查询下单时间前一天是否多生成了销售出库单
[2020-09-18 17:16:21,918] - config_log.py] - INFO: 连接数据库成功
[2020-09-18 17:16:21,919] - config_log.py] - INFO: 成功创建数据库游标
[2020-09-18 17:16:22,045] - config_log.py] - INFO: 查询下单时间前七天到当天是否多生成了销售出库单
[2020-09-18 17:17:44,896] - config_log.py] - INFO: resultPathD:\workspace\JBS\schedule\report\report.html
[2020-09-18 17:17:44,897] - config_log.py] - ERROR: name 'case_name' is not defined
[2020-09-18 17:20:18,515] - config_log.py] - INFO: resultPathD:\workspace\JBS\schedule\report\report.html
[2020-09-18 17:20:18,516] - config_log.py] - ERROR: name 'case_name' is not defined
[2020-09-18 17:24:52,544] - config_log.py] - INFO: resultPathD:\workspace\JBS\schedule\report\report.html
[2020-09-18 17:24:52,544] - config_log.py] - ERROR: name 'case_name' is not defined
[2020-09-18 17:25:39,621] - config_log.py] - INFO: resultPathD:\workspace\JBS\schedule\report\report.html
[2020-09-18 17:25:39,622] - config_log.py] - ERROR: name 'case_name' is not defined
[2020-09-18 17:26:03,262] - config_log.py] - INFO: resultPathD:\workspace\JBS\schedule\report\report.html
[2020-09-18 17:26:03,263] - config_log.py] - ERROR: name 'case_name' is not defined
[2020-09-18 17:27:25,170] - config_log.py] - INFO: resultPathD:\workspace\JBS\schedule\report\report.html
[2020-09-18 17:27:25,170] - config_log.py] - ERROR: name 'case_name' is not defined
[2020-09-18 17:27:38,580] - config_log.py] - INFO: resultPathD:\workspace\JBS\schedule\report\report.html
[2020-09-18 17:27:38,580] - config_log.py] - ERROR: name 'case_name' is not defined
[2020-09-18 17:27:39,263] - config_log.py] - INFO: send email ok!!!!
[2020-09-18 17:28:08,918] - config_log.py] - INFO: resultPathD:\workspace\JBS\schedule\report\report.html
[2020-09-18 17:28:08,918] - config_log.py] - ERROR: name 'case_name' is not defined
[2020-09-18 17:29:47,385] - config_log.py] - INFO: resultPathD:\workspace\JBS\schedule\report\report.html
[2020-09-18 17:29:47,385] - config_log.py] - ERROR: name 'case_name' is not defined
[2020-09-18 17:30:56,138] - config_log.py] - INFO: resultPathD:\workspace\JBS\schedule\report\report.html
[2020-09-18 17:30:56,138] - config_log.py] - ERROR: name 'case_name' is not defined
[2020-09-18 17:31:06,161] - config_log.py] - INFO: resultPathD:\workspace\JBS\schedule\report\report.html
[2020-09-18 17:31:23,312] - config_log.py] - INFO: resultPathD:\workspace\JBS\schedule\report\report.html
[2020-09-18 17:31:23,312] - config_log.py] - ERROR: name 'case_name' is not defined
[2020-09-18 17:33:38,667] - config_log.py] - INFO: resultPathD:\workspace\JBS\schedule\report\report.html
[2020-09-18 17:33:38,667] - config_log.py] - ERROR: name 'case_name' is not defined
[2020-09-18 17:39:32,357] - config_log.py] - INFO: resultPathD:\workspace\JBS\schedule\report\report.html
[2020-09-18 17:39:32,414] - config_log.py] - INFO: 连接数据库成功
[2020-09-18 17:39:32,414] - config_log.py] - INFO: 成功创建数据库游标
[2020-09-18 17:39:45,424] - config_log.py] - INFO: resultPathD:\workspace\JBS\schedule\report\report.html
[2020-09-18 17:39:45,464] - config_log.py] - INFO: 连接数据库成功
[2020-09-18 17:39:45,465] - config_log.py] - INFO: 成功创建数据库游标
[2020-09-18 17:39:56,096] - config_log.py] - INFO: 查询下单时间当天是否多生成了系统订单
[2020-09-18 17:39:56,098] - config_log.py] - INFO: 连接数据库成功
[2020-09-18 17:39:56,099] - config_log.py] - INFO: 成功创建数据库游标
[2020-09-18 17:39:59,251] - config_log.py] - INFO: 查询下单时间前一天是否多生成了系统订单
[2020-09-18 17:39:59,266] - config_log.py] - INFO: 连接数据库成功
[2020-09-18 17:39:59,266] - config_log.py] - INFO: 成功创建数据库游标
[2020-09-18 17:40:02,596] - config_log.py] - INFO: 查询下单时间前七天到当天是否多生成了系统订单
[2020-09-18 17:40:02,605] - config_log.py] - INFO: 连接数据库成功
[2020-09-18 17:40:02,606] - config_log.py] - INFO: 成功创建数据库游标
[2020-09-18 17:40:04,852] - config_log.py] - INFO: 查询下单时间当天是否多生成了销售出库单
[2020-09-18 17:40:04,864] - config_log.py] - INFO: 连接数据库成功
[2020-09-18 17:40:04,864] - config_log.py] - INFO: 成功创建数据库游标
[2020-09-18 17:40:05,040] - config_log.py] - INFO: 查询下单时间前一天是否多生成了销售出库单
[2020-09-18 17:40:05,044] - config_log.py] - INFO: 连接数据库成功
[2020-09-18 17:40:05,044] - config_log.py] - INFO: 成功创建数据库游标
[2020-09-18 17:40:05,169] - config_log.py] - INFO: 查询下单时间前七天到当天是否多生成了销售出库单
[2020-09-18 17:40:05,322] - config_log.py] - INFO: send email ok!!!!
[2020-09-18 19:01:04,683] - config_log.py] - INFO: resultPathD:\workspace\JBS\schedule\report\report.html
[2020-09-18 19:01:04,738] - config_log.py] - INFO: 连接数据库成功
[2020-09-18 19:01:04,738] - config_log.py] - INFO: 成功创建数据库游标
[2020-09-18 19:01:16,103] - config_log.py] - INFO: 查询下单时间当天是否多生成了系统订单
[2020-09-18 19:01:16,116] - config_log.py] - INFO: 连接数据库成功
[2020-09-18 19:01:16,117] - config_log.py] - INFO: 成功创建数据库游标
[2020-09-18 19:01:19,780] - config_log.py] - INFO: 查询下单时间前一天是否多生成了系统订单
[2020-09-18 19:01:19,782] - config_log.py] - INFO: 连接数据库成功
[2020-09-18 19:01:19,783] - config_log.py] - INFO: 成功创建数据库游标
[2020-09-18 19:01:23,079] - config_log.py] - INFO: 查询下单时间前七天到当天是否多生成了系统订单
[2020-09-18 19:01:23,093] - config_log.py] - INFO: 连接数据库成功
[2020-09-18 19:01:23,094] - config_log.py] - INFO: 成功创建数据库游标
[2020-09-18 19:01:25,309] - config_log.py] - INFO: 查询下单时间当天是否多生成了销售出库单
[2020-09-18 19:01:25,312] - config_log.py] - INFO: 连接数据库成功
[2020-09-18 19:01:25,312] - config_log.py] - INFO: 成功创建数据库游标
[2020-09-18 19:01:25,423] - config_log.py] - INFO: 查询下单时间前一天是否多生成了销售出库单
[2020-09-18 19:01:25,436] - config_log.py] - INFO: 连接数据库成功
[2020-09-18 19:01:25,436] - config_log.py] - INFO: 成功创建数据库游标
[2020-09-18 19:01:25,532] - config_log.py] - INFO: 查询下单时间前七天到当天是否多生成了销售出库单
[2020-09-18 19:01:25,655] - config_log.py] - INFO: send email ok!!!!
[2020-09-18 19:26:29,329] - config_log.py] - INFO: resultPathD:\workspace\JBS\schedule\report\report.html
[2020-09-18 19:26:29,373] - config_log.py] - INFO: 连接数据库成功
[2020-09-18 19:26:29,374] - config_log.py] - INFO: 成功创建数据库游标
[2020-09-18 19:26:49,974] - config_log.py] - INFO: 查询下单时间当天是否多生成了系统订单
[2020-09-18 19:26:49,986] - config_log.py] - INFO: 连接数据库成功
[2020-09-18 19:26:49,986] - config_log.py] - INFO: 成功创建数据库游标
[2020-09-18 19:26:53,791] - config_log.py] - INFO: 查询下单时间前一天是否多生成了系统订单
[2020-09-18 19:26:53,803] - config_log.py] - INFO: 连接数据库成功
[2020-09-18 19:26:53,803] - config_log.py] - INFO: 成功创建数据库游标
[2020-09-18 19:26:57,420] - config_log.py] - INFO: 查询下单时间前七天到当天是否多生成了系统订单
[2020-09-18 19:26:57,427] - config_log.py] - INFO: 连接数据库成功
[2020-09-18 19:26:57,427] - config_log.py] - INFO: 成功创建数据库游标
[2020-09-18 19:26:59,046] - config_log.py] - INFO: 查询下单时间当天是否多生成了销售出库单
[2020-09-18 19:26:59,059] - config_log.py] - INFO: 连接数据库成功
[2020-09-18 19:26:59,059] - config_log.py] - INFO: 成功创建数据库游标
[2020-09-18 19:26:59,162] - config_log.py] - INFO: 查询下单时间前一天是否多生成了销售出库单
[2020-09-18 19:26:59,175] - config_log.py] - INFO: 连接数据库成功
[2020-09-18 19:26:59,175] - config_log.py] - INFO: 成功创建数据库游标
[2020-09-18 19:26:59,355] - config_log.py] - INFO: 查询下单时间前七天到当天是否多生成了销售出库单
[2020-09-18 19:26:59,886] - config_log.py] - INFO: send email ok!!!!
[2020-09-18 19:27:42,176] - config_log.py] - INFO: resultPathD:\workspace\JBS\schedule\report\report.html
[2020-09-18 19:27:42,221] - config_log.py] - INFO: 连接数据库成功
[2020-09-18 19:27:42,222] - config_log.py] - INFO: 成功创建数据库游标
[2020-09-18 19:27:45,634] - config_log.py] - INFO: 查询下单时间当天是否多生成了系统订单
[2020-09-18 19:27:45,646] - config_log.py] - INFO: 连接数据库成功
[2020-09-18 19:27:45,646] - config_log.py] - INFO: 成功创建数据库游标
[2020-09-18 19:27:49,112] - config_log.py] - INFO: 查询下单时间前一天是否多生成了系统订单
[2020-09-18 19:27:49,114] - config_log.py] - INFO: 连接数据库成功
[2020-09-18 19:27:49,115] - config_log.py] - INFO: 成功创建数据库游标
[2020-09-18 19:27:52,544] - config_log.py] - INFO: 查询下单时间前七天到当天是否多生成了系统订单
[2020-09-18 19:27:52,546] - config_log.py] - INFO: 连接数据库成功
[2020-09-18 19:27:52,546] - config_log.py] - INFO: 成功创建数据库游标
[2020-09-18 19:27:53,711] - config_log.py] - INFO: 查询下单时间当天是否多生成了销售出库单
[2020-09-18 19:27:53,723] - config_log.py] - INFO: 连接数据库成功
[2020-09-18 19:27:53,723] - config_log.py] - INFO: 成功创建数据库游标
[2020-09-18 19:27:53,831] - config_log.py] - INFO: 查询下单时间前一天是否多生成了销售出库单
[2020-09-18 19:27:53,834] - config_log.py] - INFO: 连接数据库成功
[2020-09-18 19:27:53,834] - config_log.py] - INFO: 成功创建数据库游标
[2020-09-18 19:27:53,972] - config_log.py] - INFO: 查询下单时间前七天到当天是否多生成了销售出库单
[2020-09-18 19:27:54,070] - config_log.py] - INFO: send email ok!!!!
